cl : ligne de commande warning D9035: l'option 'Gm' est déconseillée et sera supprimée dans une version ultérieure
  threadlocalstorage.cpp
  malloc.cpp
  customization.cpp
  atomic.cpp
  OPC_VolumeCollider.cpp
  OPC_TreeCollider.cpp
  OPC_TreeBuilders.cpp
  OPC_SphereCollider.cpp
  OPC_RayCollider.cpp
  OPC_PlanesCollider.cpp
  OPC_Picking.cpp
  OPC_OptimizedTree.cpp
  OPC_OBBCollider.cpp
  OPC_Model.cpp
  OPC_MeshInterface.cpp
  OPC_LSSCollider.cpp
  OPC_HybridModel.cpp
  OPC_Common.cpp
  OPC_Collider.cpp
  OPC_BaseModel.cpp
  Génération de code en cours...
  Compilation en cours...
  OPC_AABBTree.cpp
  OPC_AABBCollider.cpp
  Opcode.cpp
  IceUtils.cpp
  IceTriangle.cpp
  IceSegment.cpp
  IceRevisitedRadix.cpp
  IceRay.cpp
  IceRandom.cpp
  IcePoint.cpp
  IcePlane.cpp
  IceOBB.cpp
  IceMatrix4x4.cpp
  IceMatrix3x3.cpp
  IceIndexedTriangle.cpp
  IceHPoint.cpp
  IceContainer.cpp
C:\Users\Jamy\Desktop\Projet P2-3\ODE\ode-0.16.2\OPCODE\Ice\IceContainer.cpp(55,123): warning C4244: 'initialisation' : conversion de 'float' en 'udword', perte possible de données
  IceAABB.cpp
  util.cpp
  timer.cpp
  Génération de code en cours...
  Compilation en cours...
  threading_pool_win.cpp
  threading_pool_posix.cpp
  threading_impl.cpp
  threading_base.cpp
  step.cpp
  sphere.cpp
  simple_cooperative.cpp
  rotation.cpp
  resource_control.cpp
  ray.cpp
  quickstep.cpp
  plane.cpp
  odetls.cpp
  odeou.cpp
  odemath.cpp
  odeinit.cpp
  ode.cpp
  obstack.cpp
  objects.cpp
  misc.cpp
  Génération de code en cours...
  Compilation en cours...
  memory.cpp
  matrix.cpp
  mat.cpp
  mass.cpp
  lcp.cpp
  universal.cpp
  transmission.cpp
  slider.cpp
  pu.cpp
  pr.cpp
  plane2d.cpp
  piston.cpp
  null.cpp
  lmotor.cpp
  joint.cpp
  hinge2.cpp
  hinge.cpp
  fixed.cpp
  dhinge.cpp
  dball.cpp
  Génération de code en cours...
  Compilation en cours...
  contact.cpp
  ball.cpp
  amotor.cpp
  heightfield.cpp
  fastvecscale.cpp
  fastltsolve.cpp
  fastlsolve.cpp
  fastldltsolve.cpp
  fastldltfactor.cpp
  fastdot.cpp
  export-dif.cpp
  error.cpp
  default_threading.cpp
  cylinder.cpp
  convex.cpp
  collision_util.cpp
  collision_trimesh_trimesh_old.cpp
  collision_trimesh_trimesh.cpp
  collision_trimesh_sphere.cpp
C:\Users\Jamy\Desktop\Projet P2-3\ODE\ode-0.16.2\ode\src\collision_trimesh_sphere.cpp(276,22): warning C4244: '=' : conversion de 'dReal' en 'float', perte possible de données
  collision_trimesh_ray.cpp
C:\Users\Jamy\Desktop\Projet P2-3\ODE\ode-0.16.2\ode\src\collision_trimesh_ray.cpp(59,25): warning C4244: 'argument' : conversion de 'dReal' en 'float', perte possible de données
  Génération de code en cours...
  Compilation en cours...
  collision_trimesh_plane.cpp
  collision_trimesh_opcode.cpp
  collision_trimesh_internal.cpp
  collision_trimesh_disabled.cpp
  collision_trimesh_ccylinder.cpp
  collision_trimesh_box.cpp
  collision_transform.cpp
  collision_space.cpp
  collision_sapspace.cpp
  collision_quadtreespace.cpp
  collision_kernel.cpp
  collision_cylinder_trimesh.cpp
  collision_cylinder_sphere.cpp
  collision_cylinder_plane.cpp
  collision_cylinder_box.cpp
  collision_convex_trimesh.cpp
  capsule.cpp
  box.cpp
  array.cpp
  Génération de code en cours...
cl : ligne de commande warning D9035: l'option 'Gm' est déconseillée et sera supprimée dans une version ultérieure
  nextafterf.c
C:\Program Files (x86)\Microsoft Visual Studio\2019\Community\MSBuild\Microsoft\VC\v160\Microsoft.CppBuild.targets(1288,5): warning MSB8012: TargetPath(C:\Users\Jamy\Desktop\Projet P2-3\ODE\ode-0.16.2\build\vs2008\..\..\lib\DebugDoubleDLL\ode.dll) ne correspond pas à la valeur de la propriété OutputFile (C:\Users\Jamy\Desktop\Projet P2-3\ODE\ode-0.16.2\lib\DebugDoubleDLL\ode_doubled.dll) de Linker. Cela peut entraîner une génération incorrecte de votre projet. Pour corriger ce problème, vérifiez que les valeurs des propriétés $(OutDir), $(TargetName) et $(TargetExt) correspondent à la valeur spécifiée dans %(Link.OutputFile).
C:\Program Files (x86)\Microsoft Visual Studio\2019\Community\MSBuild\Microsoft\VC\v160\Microsoft.CppBuild.targets(1290,5): warning MSB8012: TargetName(ode) ne correspond pas à la valeur de la propriété OutputFile (ode_doubled) de Linker. Cela peut entraîner une génération incorrecte de votre projet. Pour corriger ce problème, vérifiez que les valeurs des propriétés $(OutDir), $(TargetName) et $(TargetExt) correspondent à la valeur spécifiée dans %(Link.OutputFile).
array.obj : warning LNK4075: ' /EDITANDCONTINUE' ignoré à cause de la spécification '/SAFESEH'
     Création de la bibliothèque ..\..\lib\DebugDoubleDLL\ode_doubled.lib et de l'objet ..\..\lib\DebugDoubleDLL\ode_doubled.exp
  ode.vcxproj -> C:\Users\Jamy\Desktop\Projet P2-3\ODE\ode-0.16.2\build\vs2008\..\..\lib\DebugDoubleDLL\ode.dll
