c:\users\marie\onedrive\documents\ode\projetp23iutinfoclermont\code\ode\lib\debugdoubledll\ode_doubled.pdb
c:\users\marie\onedrive\documents\ode\projetp23iutinfoclermont\code\ode\lib\debugdoubledll\ode_doubled.idb
c:\users\marie\onedrive\documents\ode\projetp23iutinfoclermont\code\ode\build\vs2008\obj\debugdoubledll\ode\opc_basemodel.obj
c:\users\marie\onedrive\documents\ode\projetp23iutinfoclermont\code\ode\build\vs2008\obj\debugdoubledll\ode\opc_collider.obj
c:\users\marie\onedrive\documents\ode\projetp23iutinfoclermont\code\ode\build\vs2008\obj\debugdoubledll\ode\opc_common.obj
c:\users\marie\onedrive\documents\ode\projetp23iutinfoclermont\code\ode\build\vs2008\obj\debugdoubledll\ode\opc_hybridmodel.obj
c:\users\marie\onedrive\documents\ode\projetp23iutinfoclermont\code\ode\build\vs2008\obj\debugdoubledll\ode\opc_lsscollider.obj
c:\users\marie\onedrive\documents\ode\projetp23iutinfoclermont\code\ode\build\vs2008\obj\debugdoubledll\ode\opc_meshinterface.obj
c:\users\marie\onedrive\documents\ode\projetp23iutinfoclermont\code\ode\build\vs2008\obj\debugdoubledll\ode\opc_model.obj
c:\users\marie\onedrive\documents\ode\projetp23iutinfoclermont\code\ode\build\vs2008\obj\debugdoubledll\ode\opc_obbcollider.obj
c:\users\marie\onedrive\documents\ode\projetp23iutinfoclermont\code\ode\build\vs2008\obj\debugdoubledll\ode\opc_optimizedtree.obj
c:\users\marie\onedrive\documents\ode\projetp23iutinfoclermont\code\ode\build\vs2008\obj\debugdoubledll\ode\opc_picking.obj
c:\users\marie\onedrive\documents\ode\projetp23iutinfoclermont\code\ode\build\vs2008\obj\debugdoubledll\ode\opc_planescollider.obj
c:\users\marie\onedrive\documents\ode\projetp23iutinfoclermont\code\ode\build\vs2008\obj\debugdoubledll\ode\opc_raycollider.obj
c:\users\marie\onedrive\documents\ode\projetp23iutinfoclermont\code\ode\build\vs2008\obj\debugdoubledll\ode\opc_spherecollider.obj
c:\users\marie\onedrive\documents\ode\projetp23iutinfoclermont\code\ode\build\vs2008\obj\debugdoubledll\ode\opc_treebuilders.obj
c:\users\marie\onedrive\documents\ode\projetp23iutinfoclermont\code\ode\build\vs2008\obj\debugdoubledll\ode\opc_treecollider.obj
c:\users\marie\onedrive\documents\ode\projetp23iutinfoclermont\code\ode\build\vs2008\obj\debugdoubledll\ode\opc_volumecollider.obj
c:\users\marie\onedrive\documents\ode\projetp23iutinfoclermont\code\ode\build\vs2008\obj\debugdoubledll\ode\atomic.obj
c:\users\marie\onedrive\documents\ode\projetp23iutinfoclermont\code\ode\build\vs2008\obj\debugdoubledll\ode\customization.obj
c:\users\marie\onedrive\documents\ode\projetp23iutinfoclermont\code\ode\build\vs2008\obj\debugdoubledll\ode\malloc.obj
c:\users\marie\onedrive\documents\ode\projetp23iutinfoclermont\code\ode\build\vs2008\obj\debugdoubledll\ode\threadlocalstorage.obj
c:\users\marie\onedrive\documents\ode\projetp23iutinfoclermont\code\ode\build\vs2008\obj\debugdoubledll\ode\timer.obj
c:\users\marie\onedrive\documents\ode\projetp23iutinfoclermont\code\ode\build\vs2008\obj\debugdoubledll\ode\util.obj
c:\users\marie\onedrive\documents\ode\projetp23iutinfoclermont\code\ode\build\vs2008\obj\debugdoubledll\ode\iceaabb.obj
c:\users\marie\onedrive\documents\ode\projetp23iutinfoclermont\code\ode\build\vs2008\obj\debugdoubledll\ode\icecontainer.obj
c:\users\marie\onedrive\documents\ode\projetp23iutinfoclermont\code\ode\build\vs2008\obj\debugdoubledll\ode\icehpoint.obj
c:\users\marie\onedrive\documents\ode\projetp23iutinfoclermont\code\ode\build\vs2008\obj\debugdoubledll\ode\iceindexedtriangle.obj
c:\users\marie\onedrive\documents\ode\projetp23iutinfoclermont\code\ode\build\vs2008\obj\debugdoubledll\ode\icematrix3x3.obj
c:\users\marie\onedrive\documents\ode\projetp23iutinfoclermont\code\ode\build\vs2008\obj\debugdoubledll\ode\icematrix4x4.obj
c:\users\marie\onedrive\documents\ode\projetp23iutinfoclermont\code\ode\build\vs2008\obj\debugdoubledll\ode\iceobb.obj
c:\users\marie\onedrive\documents\ode\projetp23iutinfoclermont\code\ode\build\vs2008\obj\debugdoubledll\ode\iceplane.obj
c:\users\marie\onedrive\documents\ode\projetp23iutinfoclermont\code\ode\build\vs2008\obj\debugdoubledll\ode\icepoint.obj
c:\users\marie\onedrive\documents\ode\projetp23iutinfoclermont\code\ode\build\vs2008\obj\debugdoubledll\ode\icerandom.obj
c:\users\marie\onedrive\documents\ode\projetp23iutinfoclermont\code\ode\build\vs2008\obj\debugdoubledll\ode\iceray.obj
c:\users\marie\onedrive\documents\ode\projetp23iutinfoclermont\code\ode\build\vs2008\obj\debugdoubledll\ode\icerevisitedradix.obj
c:\users\marie\onedrive\documents\ode\projetp23iutinfoclermont\code\ode\build\vs2008\obj\debugdoubledll\ode\icesegment.obj
c:\users\marie\onedrive\documents\ode\projetp23iutinfoclermont\code\ode\build\vs2008\obj\debugdoubledll\ode\icetriangle.obj
c:\users\marie\onedrive\documents\ode\projetp23iutinfoclermont\code\ode\build\vs2008\obj\debugdoubledll\ode\iceutils.obj
c:\users\marie\onedrive\documents\ode\projetp23iutinfoclermont\code\ode\build\vs2008\obj\debugdoubledll\ode\opcode.obj
c:\users\marie\onedrive\documents\ode\projetp23iutinfoclermont\code\ode\build\vs2008\obj\debugdoubledll\ode\opc_aabbcollider.obj
c:\users\marie\onedrive\documents\ode\projetp23iutinfoclermont\code\ode\build\vs2008\obj\debugdoubledll\ode\opc_aabbtree.obj
c:\users\marie\onedrive\documents\ode\projetp23iutinfoclermont\code\ode\build\vs2008\obj\debugdoubledll\ode\misc.obj
c:\users\marie\onedrive\documents\ode\projetp23iutinfoclermont\code\ode\build\vs2008\obj\debugdoubledll\ode\objects.obj
c:\users\marie\onedrive\documents\ode\projetp23iutinfoclermont\code\ode\build\vs2008\obj\debugdoubledll\ode\obstack.obj
c:\users\marie\onedrive\documents\ode\projetp23iutinfoclermont\code\ode\build\vs2008\obj\debugdoubledll\ode\ode.obj
c:\users\marie\onedrive\documents\ode\projetp23iutinfoclermont\code\ode\build\vs2008\obj\debugdoubledll\ode\odeinit.obj
c:\users\marie\onedrive\documents\ode\projetp23iutinfoclermont\code\ode\build\vs2008\obj\debugdoubledll\ode\odemath.obj
c:\users\marie\onedrive\documents\ode\projetp23iutinfoclermont\code\ode\build\vs2008\obj\debugdoubledll\ode\odeou.obj
c:\users\marie\onedrive\documents\ode\projetp23iutinfoclermont\code\ode\build\vs2008\obj\debugdoubledll\ode\odetls.obj
c:\users\marie\onedrive\documents\ode\projetp23iutinfoclermont\code\ode\build\vs2008\obj\debugdoubledll\ode\plane.obj
c:\users\marie\onedrive\documents\ode\projetp23iutinfoclermont\code\ode\build\vs2008\obj\debugdoubledll\ode\quickstep.obj
c:\users\marie\onedrive\documents\ode\projetp23iutinfoclermont\code\ode\build\vs2008\obj\debugdoubledll\ode\ray.obj
c:\users\marie\onedrive\documents\ode\projetp23iutinfoclermont\code\ode\build\vs2008\obj\debugdoubledll\ode\resource_control.obj
c:\users\marie\onedrive\documents\ode\projetp23iutinfoclermont\code\ode\build\vs2008\obj\debugdoubledll\ode\rotation.obj
c:\users\marie\onedrive\documents\ode\projetp23iutinfoclermont\code\ode\build\vs2008\obj\debugdoubledll\ode\simple_cooperative.obj
c:\users\marie\onedrive\documents\ode\projetp23iutinfoclermont\code\ode\build\vs2008\obj\debugdoubledll\ode\sphere.obj
c:\users\marie\onedrive\documents\ode\projetp23iutinfoclermont\code\ode\build\vs2008\obj\debugdoubledll\ode\step.obj
c:\users\marie\onedrive\documents\ode\projetp23iutinfoclermont\code\ode\build\vs2008\obj\debugdoubledll\ode\threading_base.obj
c:\users\marie\onedrive\documents\ode\projetp23iutinfoclermont\code\ode\build\vs2008\obj\debugdoubledll\ode\threading_impl.obj
c:\users\marie\onedrive\documents\ode\projetp23iutinfoclermont\code\ode\build\vs2008\obj\debugdoubledll\ode\threading_pool_posix.obj
c:\users\marie\onedrive\documents\ode\projetp23iutinfoclermont\code\ode\build\vs2008\obj\debugdoubledll\ode\threading_pool_win.obj
c:\users\marie\onedrive\documents\ode\projetp23iutinfoclermont\code\ode\build\vs2008\obj\debugdoubledll\ode\dball.obj
c:\users\marie\onedrive\documents\ode\projetp23iutinfoclermont\code\ode\build\vs2008\obj\debugdoubledll\ode\dhinge.obj
c:\users\marie\onedrive\documents\ode\projetp23iutinfoclermont\code\ode\build\vs2008\obj\debugdoubledll\ode\fixed.obj
c:\users\marie\onedrive\documents\ode\projetp23iutinfoclermont\code\ode\build\vs2008\obj\debugdoubledll\ode\hinge.obj
c:\users\marie\onedrive\documents\ode\projetp23iutinfoclermont\code\ode\build\vs2008\obj\debugdoubledll\ode\hinge2.obj
c:\users\marie\onedrive\documents\ode\projetp23iutinfoclermont\code\ode\build\vs2008\obj\debugdoubledll\ode\joint.obj
c:\users\marie\onedrive\documents\ode\projetp23iutinfoclermont\code\ode\build\vs2008\obj\debugdoubledll\ode\lmotor.obj
c:\users\marie\onedrive\documents\ode\projetp23iutinfoclermont\code\ode\build\vs2008\obj\debugdoubledll\ode\null.obj
c:\users\marie\onedrive\documents\ode\projetp23iutinfoclermont\code\ode\build\vs2008\obj\debugdoubledll\ode\piston.obj
c:\users\marie\onedrive\documents\ode\projetp23iutinfoclermont\code\ode\build\vs2008\obj\debugdoubledll\ode\plane2d.obj
c:\users\marie\onedrive\documents\ode\projetp23iutinfoclermont\code\ode\build\vs2008\obj\debugdoubledll\ode\pr.obj
c:\users\marie\onedrive\documents\ode\projetp23iutinfoclermont\code\ode\build\vs2008\obj\debugdoubledll\ode\pu.obj
c:\users\marie\onedrive\documents\ode\projetp23iutinfoclermont\code\ode\build\vs2008\obj\debugdoubledll\ode\slider.obj
c:\users\marie\onedrive\documents\ode\projetp23iutinfoclermont\code\ode\build\vs2008\obj\debugdoubledll\ode\transmission.obj
c:\users\marie\onedrive\documents\ode\projetp23iutinfoclermont\code\ode\build\vs2008\obj\debugdoubledll\ode\universal.obj
c:\users\marie\onedrive\documents\ode\projetp23iutinfoclermont\code\ode\build\vs2008\obj\debugdoubledll\ode\lcp.obj
c:\users\marie\onedrive\documents\ode\projetp23iutinfoclermont\code\ode\build\vs2008\obj\debugdoubledll\ode\mass.obj
c:\users\marie\onedrive\documents\ode\projetp23iutinfoclermont\code\ode\build\vs2008\obj\debugdoubledll\ode\mat.obj
c:\users\marie\onedrive\documents\ode\projetp23iutinfoclermont\code\ode\build\vs2008\obj\debugdoubledll\ode\matrix.obj
c:\users\marie\onedrive\documents\ode\projetp23iutinfoclermont\code\ode\build\vs2008\obj\debugdoubledll\ode\memory.obj
c:\users\marie\onedrive\documents\ode\projetp23iutinfoclermont\code\ode\build\vs2008\obj\debugdoubledll\ode\collision_trimesh_ray.obj
c:\users\marie\onedrive\documents\ode\projetp23iutinfoclermont\code\ode\build\vs2008\obj\debugdoubledll\ode\collision_trimesh_sphere.obj
c:\users\marie\onedrive\documents\ode\projetp23iutinfoclermont\code\ode\build\vs2008\obj\debugdoubledll\ode\collision_trimesh_trimesh.obj
c:\users\marie\onedrive\documents\ode\projetp23iutinfoclermont\code\ode\build\vs2008\obj\debugdoubledll\ode\collision_trimesh_trimesh_old.obj
c:\users\marie\onedrive\documents\ode\projetp23iutinfoclermont\code\ode\build\vs2008\obj\debugdoubledll\ode\collision_util.obj
c:\users\marie\onedrive\documents\ode\projetp23iutinfoclermont\code\ode\build\vs2008\obj\debugdoubledll\ode\convex.obj
c:\users\marie\onedrive\documents\ode\projetp23iutinfoclermont\code\ode\build\vs2008\obj\debugdoubledll\ode\cylinder.obj
c:\users\marie\onedrive\documents\ode\projetp23iutinfoclermont\code\ode\build\vs2008\obj\debugdoubledll\ode\default_threading.obj
c:\users\marie\onedrive\documents\ode\projetp23iutinfoclermont\code\ode\build\vs2008\obj\debugdoubledll\ode\error.obj
c:\users\marie\onedrive\documents\ode\projetp23iutinfoclermont\code\ode\build\vs2008\obj\debugdoubledll\ode\export-dif.obj
c:\users\marie\onedrive\documents\ode\projetp23iutinfoclermont\code\ode\build\vs2008\obj\debugdoubledll\ode\fastdot.obj
c:\users\marie\onedrive\documents\ode\projetp23iutinfoclermont\code\ode\build\vs2008\obj\debugdoubledll\ode\fastldltfactor.obj
c:\users\marie\onedrive\documents\ode\projetp23iutinfoclermont\code\ode\build\vs2008\obj\debugdoubledll\ode\fastldltsolve.obj
c:\users\marie\onedrive\documents\ode\projetp23iutinfoclermont\code\ode\build\vs2008\obj\debugdoubledll\ode\fastlsolve.obj
c:\users\marie\onedrive\documents\ode\projetp23iutinfoclermont\code\ode\build\vs2008\obj\debugdoubledll\ode\fastltsolve.obj
c:\users\marie\onedrive\documents\ode\projetp23iutinfoclermont\code\ode\build\vs2008\obj\debugdoubledll\ode\fastvecscale.obj
c:\users\marie\onedrive\documents\ode\projetp23iutinfoclermont\code\ode\build\vs2008\obj\debugdoubledll\ode\heightfield.obj
c:\users\marie\onedrive\documents\ode\projetp23iutinfoclermont\code\ode\build\vs2008\obj\debugdoubledll\ode\amotor.obj
c:\users\marie\onedrive\documents\ode\projetp23iutinfoclermont\code\ode\build\vs2008\obj\debugdoubledll\ode\ball.obj
c:\users\marie\onedrive\documents\ode\projetp23iutinfoclermont\code\ode\build\vs2008\obj\debugdoubledll\ode\contact.obj
c:\users\marie\onedrive\documents\ode\projetp23iutinfoclermont\code\ode\build\vs2008\obj\debugdoubledll\ode\array.obj
c:\users\marie\onedrive\documents\ode\projetp23iutinfoclermont\code\ode\build\vs2008\obj\debugdoubledll\ode\box.obj
c:\users\marie\onedrive\documents\ode\projetp23iutinfoclermont\code\ode\build\vs2008\obj\debugdoubledll\ode\capsule.obj
c:\users\marie\onedrive\documents\ode\projetp23iutinfoclermont\code\ode\build\vs2008\obj\debugdoubledll\ode\collision_convex_trimesh.obj
c:\users\marie\onedrive\documents\ode\projetp23iutinfoclermont\code\ode\build\vs2008\obj\debugdoubledll\ode\collision_cylinder_box.obj
c:\users\marie\onedrive\documents\ode\projetp23iutinfoclermont\code\ode\build\vs2008\obj\debugdoubledll\ode\collision_cylinder_plane.obj
c:\users\marie\onedrive\documents\ode\projetp23iutinfoclermont\code\ode\build\vs2008\obj\debugdoubledll\ode\collision_cylinder_sphere.obj
c:\users\marie\onedrive\documents\ode\projetp23iutinfoclermont\code\ode\build\vs2008\obj\debugdoubledll\ode\collision_cylinder_trimesh.obj
c:\users\marie\onedrive\documents\ode\projetp23iutinfoclermont\code\ode\build\vs2008\obj\debugdoubledll\ode\collision_kernel.obj
c:\users\marie\onedrive\documents\ode\projetp23iutinfoclermont\code\ode\build\vs2008\obj\debugdoubledll\ode\collision_quadtreespace.obj
c:\users\marie\onedrive\documents\ode\projetp23iutinfoclermont\code\ode\build\vs2008\obj\debugdoubledll\ode\collision_sapspace.obj
c:\users\marie\onedrive\documents\ode\projetp23iutinfoclermont\code\ode\build\vs2008\obj\debugdoubledll\ode\collision_space.obj
c:\users\marie\onedrive\documents\ode\projetp23iutinfoclermont\code\ode\build\vs2008\obj\debugdoubledll\ode\collision_transform.obj
c:\users\marie\onedrive\documents\ode\projetp23iutinfoclermont\code\ode\build\vs2008\obj\debugdoubledll\ode\collision_trimesh_box.obj
c:\users\marie\onedrive\documents\ode\projetp23iutinfoclermont\code\ode\build\vs2008\obj\debugdoubledll\ode\collision_trimesh_ccylinder.obj
c:\users\marie\onedrive\documents\ode\projetp23iutinfoclermont\code\ode\build\vs2008\obj\debugdoubledll\ode\collision_trimesh_disabled.obj
c:\users\marie\onedrive\documents\ode\projetp23iutinfoclermont\code\ode\build\vs2008\obj\debugdoubledll\ode\collision_trimesh_internal.obj
c:\users\marie\onedrive\documents\ode\projetp23iutinfoclermont\code\ode\build\vs2008\obj\debugdoubledll\ode\collision_trimesh_opcode.obj
c:\users\marie\onedrive\documents\ode\projetp23iutinfoclermont\code\ode\build\vs2008\obj\debugdoubledll\ode\collision_trimesh_plane.obj
c:\users\marie\onedrive\documents\ode\projetp23iutinfoclermont\code\ode\build\vs2008\obj\debugdoubledll\ode\nextafterf.obj
c:\users\marie\onedrive\documents\ode\projetp23iutinfoclermont\code\ode\lib\debugdoubledll\ode_doubled.ilk
c:\users\marie\onedrive\documents\ode\projetp23iutinfoclermont\code\ode\lib\debugdoubledll\ode_doubled.dll
c:\users\marie\onedrive\documents\ode\projetp23iutinfoclermont\code\ode\lib\debugdoubledll\ode.pdb
c:\users\marie\onedrive\documents\ode\projetp23iutinfoclermont\code\ode\lib\debugdoubledll\ode_doubled.lib
c:\users\marie\onedrive\documents\ode\projetp23iutinfoclermont\code\ode\lib\debugdoubledll\ode_doubled.exp
c:\users\marie\onedrive\documents\ode\projetp23iutinfoclermont\code\ode\build\vs2008\obj\debugdoubledll\ode\ode.tlog\cl.command.1.tlog
c:\users\marie\onedrive\documents\ode\projetp23iutinfoclermont\code\ode\build\vs2008\obj\debugdoubledll\ode\ode.tlog\cl.read.1.tlog
c:\users\marie\onedrive\documents\ode\projetp23iutinfoclermont\code\ode\build\vs2008\obj\debugdoubledll\ode\ode.tlog\cl.write.1.tlog
c:\users\marie\onedrive\documents\ode\projetp23iutinfoclermont\code\ode\build\vs2008\obj\debugdoubledll\ode\ode.tlog\link.command.1.tlog
c:\users\marie\onedrive\documents\ode\projetp23iutinfoclermont\code\ode\build\vs2008\obj\debugdoubledll\ode\ode.tlog\link.delete.1.tlog
c:\users\marie\onedrive\documents\ode\projetp23iutinfoclermont\code\ode\build\vs2008\obj\debugdoubledll\ode\ode.tlog\link.read.1.tlog
c:\users\marie\onedrive\documents\ode\projetp23iutinfoclermont\code\ode\build\vs2008\obj\debugdoubledll\ode\ode.tlog\link.write.1.tlog
c:\users\marie\onedrive\documents\ode\projetp23iutinfoclermont\code\ode\build\vs2008\obj\debugdoubledll\ode\ode.tlog\ode.write.1u.tlog
