c:\users\marie\onedrive\documents\ode\projetp23iutinfoclermont\code\ode\lib\debugdoubledll\drawstuffd.pdb
c:\users\marie\onedrive\documents\ode\projetp23iutinfoclermont\code\ode\lib\debugdoubledll\drawstuffd.idb
c:\users\marie\onedrive\documents\ode\projetp23iutinfoclermont\code\ode\build\vs2008\obj\debugdoubledll\drawstuff\drawstuff.obj
c:\users\marie\onedrive\documents\ode\projetp23iutinfoclermont\code\ode\build\vs2008\obj\debugdoubledll\drawstuff\windows.obj
c:\users\marie\onedrive\documents\ode\projetp23iutinfoclermont\code\ode\lib\debugdoubledll\drawstuffd.lib
c:\users\marie\onedrive\documents\ode\projetp23iutinfoclermont\code\ode\lib\debugdoubledll\drawstuffd.exp
c:\users\marie\onedrive\documents\ode\projetp23iutinfoclermont\code\ode\lib\debugdoubledll\drawstuffd.ilk
c:\users\marie\onedrive\documents\ode\projetp23iutinfoclermont\code\ode\lib\debugdoubledll\drawstuffd.dll
c:\users\marie\onedrive\documents\ode\projetp23iutinfoclermont\code\ode\lib\debugdoubledll\drawstuff.pdb
c:\users\marie\onedrive\documents\ode\projetp23iutinfoclermont\code\ode\build\vs2008\obj\debugdoubledll\drawstuff\resources.res
c:\users\marie\onedrive\documents\ode\projetp23iutinfoclermont\code\ode\build\vs2008\obj\debugdoubledll\drawstuff\drawstuff.tlog\cl.command.1.tlog
c:\users\marie\onedrive\documents\ode\projetp23iutinfoclermont\code\ode\build\vs2008\obj\debugdoubledll\drawstuff\drawstuff.tlog\cl.read.1.tlog
c:\users\marie\onedrive\documents\ode\projetp23iutinfoclermont\code\ode\build\vs2008\obj\debugdoubledll\drawstuff\drawstuff.tlog\cl.write.1.tlog
c:\users\marie\onedrive\documents\ode\projetp23iutinfoclermont\code\ode\build\vs2008\obj\debugdoubledll\drawstuff\drawstuff.tlog\drawstuff.write.1u.tlog
c:\users\marie\onedrive\documents\ode\projetp23iutinfoclermont\code\ode\build\vs2008\obj\debugdoubledll\drawstuff\drawstuff.tlog\link.command.1.tlog
c:\users\marie\onedrive\documents\ode\projetp23iutinfoclermont\code\ode\build\vs2008\obj\debugdoubledll\drawstuff\drawstuff.tlog\link.delete.1.tlog
c:\users\marie\onedrive\documents\ode\projetp23iutinfoclermont\code\ode\build\vs2008\obj\debugdoubledll\drawstuff\drawstuff.tlog\link.read.1.tlog
c:\users\marie\onedrive\documents\ode\projetp23iutinfoclermont\code\ode\build\vs2008\obj\debugdoubledll\drawstuff\drawstuff.tlog\link.write.1.tlog
c:\users\marie\onedrive\documents\ode\projetp23iutinfoclermont\code\ode\build\vs2008\obj\debugdoubledll\drawstuff\drawstuff.tlog\rc.command.1.tlog
c:\users\marie\onedrive\documents\ode\projetp23iutinfoclermont\code\ode\build\vs2008\obj\debugdoubledll\drawstuff\drawstuff.tlog\rc.read.1.tlog
c:\users\marie\onedrive\documents\ode\projetp23iutinfoclermont\code\ode\build\vs2008\obj\debugdoubledll\drawstuff\drawstuff.tlog\rc.write.1.tlog
