d:\cours\projet\ode\lib\debugdoubledll\projet1.pdb
d:\cours\projet\ode\lib\debugdoubledll\projet1.idb
d:\cours\projet\ode\projetode\projetode\obj\debugdoubledll\projetode\projetode.obj
d:\cours\projet\projetp23iutinfoclermont\code\ode\lib\debugdoubledll\projet1.pdb
d:\cours\projet\projetp23iutinfoclermont\code\ode\lib\debugdoubledll\projet1.idb
d:\cours\projet\projetp23iutinfoclermont\code\ode\projetode\projetode\obj\debugdoubledll\projetode\projetode.obj
c:\users\marie\onedrive\documents\ode\projetp23iutinfoclermont\code\ode\lib\debugdoubledll\projet1.pdb
c:\users\marie\onedrive\documents\ode\projetp23iutinfoclermont\code\ode\lib\debugdoubledll\projet1.idb
c:\users\marie\onedrive\documents\ode\projetp23iutinfoclermont\code\ode\projetode\projetode\obj\debugdoubledll\projetode\projetode.obj
d:\cours\projet\ode\lib\debugdoubledll\projetode.ilk
d:\cours\projet\ode\lib\debugdoubledll\projetode.exe
d:\cours\projet\ode\lib\debugdoubledll\projetode.pdb
d:\cours\projet\projetp23iutinfoclermont\code\ode\lib\debugdoubledll\projetode.exe
d:\cours\projet\projetp23iutinfoclermont\code\ode\lib\debugdoubledll\projetode.ilk
d:\cours\projet\projetp23iutinfoclermont\code\ode\lib\debugdoubledll\projetode.pdb
c:\users\marie\onedrive\documents\ode\projetp23iutinfoclermont\code\ode\lib\debugdoubledll\projetode.ilk
c:\users\marie\onedrive\documents\ode\projetp23iutinfoclermont\code\ode\lib\debugdoubledll\projetode.exe
c:\users\marie\onedrive\documents\ode\projetp23iutinfoclermont\code\ode\lib\debugdoubledll\projetode.pdb
c:\users\marie\onedrive\documents\ode\projetp23iutinfoclermont\code\ode\projetode\projetode\obj\debugdoubledll\projetode\projetode.tlog\cl.command.1.tlog
c:\users\marie\onedrive\documents\ode\projetp23iutinfoclermont\code\ode\projetode\projetode\obj\debugdoubledll\projetode\projetode.tlog\cl.read.1.tlog
c:\users\marie\onedrive\documents\ode\projetp23iutinfoclermont\code\ode\projetode\projetode\obj\debugdoubledll\projetode\projetode.tlog\cl.write.1.tlog
c:\users\marie\onedrive\documents\ode\projetp23iutinfoclermont\code\ode\projetode\projetode\obj\debugdoubledll\projetode\projetode.tlog\link.command.1.tlog
c:\users\marie\onedrive\documents\ode\projetp23iutinfoclermont\code\ode\projetode\projetode\obj\debugdoubledll\projetode\projetode.tlog\link.read.1.tlog
c:\users\marie\onedrive\documents\ode\projetp23iutinfoclermont\code\ode\projetode\projetode\obj\debugdoubledll\projetode\projetode.tlog\link.write.1.tlog
